0 info it worked if it ends with ok
1 verbose cli [ '/home/zwan/.nvm/versions/node/v5.5.0/bin/node',
1 verbose cli   '/home/zwan/.nvm/versions/node/v5.5.0/bin/npm',
1 verbose cli   'start' ]
2 info using npm@3.3.12
3 info using node@v5.5.0
4 verbose run-script [ 'prestart', 'start', 'poststart' ]
5 info lifecycle mws-restaurant-stage-1@1.0.0~prestart: mws-restaurant-stage-1@1.0.0
6 silly lifecycle mws-restaurant-stage-1@1.0.0~prestart: no script for prestart, continuing
7 info lifecycle mws-restaurant-stage-1@1.0.0~start: mws-restaurant-stage-1@1.0.0
8 verbose lifecycle mws-restaurant-stage-1@1.0.0~start: unsafe-perm in lifecycle true
9 verbose lifecycle mws-restaurant-stage-1@1.0.0~start: PATH: /home/zwan/.nvm/versions/node/v5.5.0/lib/node_modules/npm/bin/node-gyp-bin:/home/zwan/Learn/projects/mws-restaurant-stage-1/node_modules/.bin:/home/zwan/.nvm/versions/node/v5.5.0/bin:/home/zwan/Work/keymanager/bin:/home/zwan/Work/keymanager/sbin:/home/zwan/Work/keymanager/.runtime/bin:/home/zwan/projects/runtime_compiled/bin:/usr/local/sbin:/usr/local/bin:/usr/sbin:/usr/bin:/sbin:/bin:/usr/games:/usr/local/games:/snap/bin:/snap/bin
10 verbose lifecycle mws-restaurant-stage-1@1.0.0~start: CWD: /home/zwan/Learn/projects/mws-restaurant-stage-1
11 silly lifecycle mws-restaurant-stage-1@1.0.0~start: Args: [ '-c', 'gulp' ]
12 silly lifecycle mws-restaurant-stage-1@1.0.0~start: Returned: code: 1  signal: null
13 info lifecycle mws-restaurant-stage-1@1.0.0~start: Failed to exec start script
14 verbose stack Error: mws-restaurant-stage-1@1.0.0 start: `gulp`
14 verbose stack Exit status 1
14 verbose stack     at EventEmitter.<anonymous> (/home/zwan/.nvm/versions/node/v5.5.0/lib/node_modules/npm/lib/utils/lifecycle.js:232:16)
14 verbose stack     at emitTwo (events.js:100:13)
14 verbose stack     at EventEmitter.emit (events.js:185:7)
14 verbose stack     at ChildProcess.<anonymous> (/home/zwan/.nvm/versions/node/v5.5.0/lib/node_modules/npm/lib/utils/spawn.js:24:14)
14 verbose stack     at emitTwo (events.js:100:13)
14 verbose stack     at ChildProcess.emit (events.js:185:7)
14 verbose stack     at maybeClose (internal/child_process.js:821:16)
14 verbose stack     at Process.ChildProcess._handle.onexit (internal/child_process.js:211:5)
15 verbose pkgid mws-restaurant-stage-1@1.0.0
16 verbose cwd /home/zwan/Learn/projects/mws-restaurant-stage-1
17 error Linux 4.4.0-119-generic
18 error argv "/home/zwan/.nvm/versions/node/v5.5.0/bin/node" "/home/zwan/.nvm/versions/node/v5.5.0/bin/npm" "start"
19 error node v5.5.0
20 error npm  v3.3.12
21 error code ELIFECYCLE
22 error mws-restaurant-stage-1@1.0.0 start: `gulp`
22 error Exit status 1
23 error Failed at the mws-restaurant-stage-1@1.0.0 start script 'gulp'.
23 error Make sure you have the latest version of node.js and npm installed.
23 error If you do, this is most likely a problem with the mws-restaurant-stage-1 package,
23 error not with npm itself.
23 error Tell the author that this fails on your system:
23 error     gulp
23 error You can get their info via:
23 error     npm owner ls mws-restaurant-stage-1
23 error There is likely additional logging output above.
24 verbose exit [ 1, true ]
